{"/home/blackops/code/podtemacom/src/components/bio.js": {"path":"/home/blackops/code/podtemacom/src/components/bio.js","statementMap":{"0":{"start":{"line":14,"column":12},"end":{"line":62,"column":1}},"1":{"start":{"line":15,"column":15},"end":{"line":33,"column":4}},"2":{"start":{"line":35,"column":29},"end":{"line":35,"column":51}},"3":{"start":{"line":36,"column":2},"end":{"line":61,"column":4}}},"fnMap":{"0":{"name":"(anonymous_0)","decl":{"start":{"line":14,"column":12},"end":{"line":14,"column":13}},"loc":{"start":{"line":14,"column":18},"end":{"line":62,"column":1}},"line":14}},"branchMap":{},"s":{"0":2,"1":4,"2":4,"3":4},"f":{"0":4},"b":{},"_coverageSchema":"43e27e138ebf9cfc5966b082cf9a028302ed4184","hash":"5eaee932e55a8b7ef7795e4b1a0eb454ccc787e2"}
,"/home/blackops/code/podtemacom/src/components/pagination.js": {"path":"/home/blackops/code/podtemacom/src/components/pagination.js","statementMap":{"0":{"start":{"line":5,"column":21},"end":{"line":8,"column":1}},"1":{"start":{"line":12,"column":4},"end":{"line":12,"column":17}},"2":{"start":{"line":13,"column":4},"end":{"line":13,"column":31}},"3":{"start":{"line":14,"column":4},"end":{"line":14,"column":43}},"4":{"start":{"line":18,"column":4},"end":{"line":20,"column":5}},"5":{"start":{"line":19,"column":6},"end":{"line":19,"column":43}},"6":{"start":{"line":24,"column":4},"end":{"line":26,"column":5}},"7":{"start":{"line":25,"column":6},"end":{"line":25,"column":43}},"8":{"start":{"line":30,"column":30},"end":{"line":30,"column":40}},"9":{"start":{"line":31,"column":16},"end":{"line":31,"column":32}},"10":{"start":{"line":33,"column":4},"end":{"line":35,"column":5}},"11":{"start":{"line":34,"column":6},"end":{"line":34,"column":13}},"12":{"start":{"line":37,"column":4},"end":{"line":37,"column":56}},"13":{"start":{"line":39,"column":24},"end":{"line":39,"column":73}},"14":{"start":{"line":42,"column":4},"end":{"line":42,"column":36}},"15":{"start":{"line":45,"column":4},"end":{"line":45,"column":41}},"16":{"start":{"line":50,"column":4},"end":{"line":50,"column":35}},"17":{"start":{"line":53,"column":4},"end":{"line":53,"column":30}},"18":{"start":{"line":56,"column":21},"end":{"line":56,"column":53}},"19":{"start":{"line":59,"column":4},"end":{"line":75,"column":5}},"20":{"start":{"line":61,"column":6},"end":{"line":61,"column":20}},"21":{"start":{"line":62,"column":6},"end":{"line":62,"column":27}},"22":{"start":{"line":65,"column":6},"end":{"line":74,"column":7}},"23":{"start":{"line":66,"column":8},"end":{"line":66,"column":22}},"24":{"start":{"line":67,"column":8},"end":{"line":67,"column":21}},"25":{"start":{"line":68,"column":13},"end":{"line":74,"column":7}},"26":{"start":{"line":69,"column":8},"end":{"line":69,"column":35}},"27":{"start":{"line":70,"column":8},"end":{"line":70,"column":29}},"28":{"start":{"line":72,"column":8},"end":{"line":72,"column":36}},"29":{"start":{"line":73,"column":8},"end":{"line":73,"column":34}},"30":{"start":{"line":77,"column":21},"end":{"line":77,"column":49}},"31":{"start":{"line":78,"column":19},"end":{"line":78,"column":70}},"32":{"start":{"line":80,"column":16},"end":{"line":82,"column":5}},"33":{"start":{"line":81,"column":11},"end":{"line":81,"column":24}},"34":{"start":{"line":84,"column":4},"end":{"line":94,"column":6}},"35":{"start":{"line":98,"column":16},"end":{"line":98,"column":32}},"36":{"start":{"line":100,"column":4},"end":{"line":103,"column":5}},"37":{"start":{"line":102,"column":6},"end":{"line":102,"column":18}},"38":{"start":{"line":105,"column":4},"end":{"line":132,"column":6}},"39":{"start":{"line":108,"column":28},"end":{"line":108,"column":43}},"40":{"start":{"line":111,"column":28},"end":{"line":111,"column":63}},"41":{"start":{"line":114,"column":10},"end":{"line":119,"column":15}},"42":{"start":{"line":118,"column":30},"end":{"line":118,"column":48}},"43":{"start":{"line":124,"column":28},"end":{"line":124,"column":63}},"44":{"start":{"line":129,"column":28},"end":{"line":129,"column":58}},"45":{"start":{"line":136,"column":18},"end":{"line":141,"column":1}},"46":{"start":{"line":143,"column":0},"end":{"line":143,"column":33}},"47":{"start":{"line":144,"column":0},"end":{"line":144,"column":39}}},"fnMap":{"0":{"name":"(anonymous_0)","decl":{"start":{"line":11,"column":2},"end":{"line":11,"column":3}},"loc":{"start":{"line":11,"column":21},"end":{"line":15,"column":3}},"line":11},"1":{"name":"(anonymous_1)","decl":{"start":{"line":17,"column":2},"end":{"line":17,"column":3}},"loc":{"start":{"line":17,"column":30},"end":{"line":21,"column":3}},"line":17},"2":{"name":"(anonymous_2)","decl":{"start":{"line":23,"column":2},"end":{"line":23,"column":3}},"loc":{"start":{"line":23,"column":43},"end":{"line":27,"column":3}},"line":23},"3":{"name":"(anonymous_3)","decl":{"start":{"line":29,"column":2},"end":{"line":29,"column":3}},"loc":{"start":{"line":29,"column":16},"end":{"line":46,"column":3}},"line":29},"4":{"name":"(anonymous_4)","decl":{"start":{"line":48,"column":2},"end":{"line":48,"column":3}},"loc":{"start":{"line":48,"column":46},"end":{"line":95,"column":3}},"line":48},"5":{"name":"(anonymous_5)","decl":{"start":{"line":81,"column":6},"end":{"line":81,"column":7}},"loc":{"start":{"line":81,"column":11},"end":{"line":81,"column":24}},"line":81},"6":{"name":"(anonymous_6)","decl":{"start":{"line":97,"column":2},"end":{"line":97,"column":3}},"loc":{"start":{"line":97,"column":11},"end":{"line":133,"column":3}},"line":97},"7":{"name":"(anonymous_7)","decl":{"start":{"line":108,"column":22},"end":{"line":108,"column":23}},"loc":{"start":{"line":108,"column":28},"end":{"line":108,"column":43}},"line":108},"8":{"name":"(anonymous_8)","decl":{"start":{"line":111,"column":22},"end":{"line":111,"column":23}},"loc":{"start":{"line":111,"column":28},"end":{"line":111,"column":63}},"line":111},"9":{"name":"(anonymous_9)","decl":{"start":{"line":113,"column":25},"end":{"line":113,"column":26}},"loc":{"start":{"line":114,"column":10},"end":{"line":119,"column":15}},"line":114},"10":{"name":"(anonymous_10)","decl":{"start":{"line":118,"column":24},"end":{"line":118,"column":25}},"loc":{"start":{"line":118,"column":30},"end":{"line":118,"column":48}},"line":118},"11":{"name":"(anonymous_11)","decl":{"start":{"line":124,"column":22},"end":{"line":124,"column":23}},"loc":{"start":{"line":124,"column":28},"end":{"line":124,"column":63}},"line":124},"12":{"name":"(anonymous_12)","decl":{"start":{"line":129,"column":22},"end":{"line":129,"column":23}},"loc":{"start":{"line":129,"column":28},"end":{"line":129,"column":58}},"line":129}},"branchMap":{"0":{"loc":{"start":{"line":18,"column":4},"end":{"line":20,"column":5}},"type":"if","locations":[{"start":{"line":18,"column":4},"end":{"line":20,"column":5}},{"start":{"line":18,"column":4},"end":{"line":20,"column":5}}],"line":18},"1":{"loc":{"start":{"line":18,"column":8},"end":{"line":18,"column":51}},"type":"binary-expr","locations":[{"start":{"line":18,"column":8},"end":{"line":18,"column":24}},{"start":{"line":18,"column":28},"end":{"line":18,"column":51}}],"line":18},"2":{"loc":{"start":{"line":24,"column":4},"end":{"line":26,"column":5}},"type":"if","locations":[{"start":{"line":24,"column":4},"end":{"line":26,"column":5}},{"start":{"line":24,"column":4},"end":{"line":26,"column":5}}],"line":24},"3":{"loc":{"start":{"line":33,"column":4},"end":{"line":35,"column":5}},"type":"if","locations":[{"start":{"line":33,"column":4},"end":{"line":35,"column":5}},{"start":{"line":33,"column":4},"end":{"line":35,"column":5}}],"line":33},"4":{"loc":{"start":{"line":33,"column":8},"end":{"line":33,"column":43}},"type":"binary-expr","locations":[{"start":{"line":33,"column":8},"end":{"line":33,"column":16}},{"start":{"line":33,"column":20},"end":{"line":33,"column":43}}],"line":33},"5":{"loc":{"start":{"line":50,"column":18},"end":{"line":50,"column":34}},"type":"binary-expr","locations":[{"start":{"line":50,"column":18},"end":{"line":50,"column":29}},{"start":{"line":50,"column":33},"end":{"line":50,"column":34}}],"line":50},"6":{"loc":{"start":{"line":53,"column":15},"end":{"line":53,"column":29}},"type":"binary-expr","locations":[{"start":{"line":53,"column":15},"end":{"line":53,"column":23}},{"start":{"line":53,"column":27},"end":{"line":53,"column":29}}],"line":53},"7":{"loc":{"start":{"line":59,"column":4},"end":{"line":75,"column":5}},"type":"if","locations":[{"start":{"line":59,"column":4},"end":{"line":75,"column":5}},{"start":{"line":59,"column":4},"end":{"line":75,"column":5}}],"line":59},"8":{"loc":{"start":{"line":65,"column":6},"end":{"line":74,"column":7}},"type":"if","locations":[{"start":{"line":65,"column":6},"end":{"line":74,"column":7}},{"start":{"line":65,"column":6},"end":{"line":74,"column":7}}],"line":65},"9":{"loc":{"start":{"line":68,"column":13},"end":{"line":74,"column":7}},"type":"if","locations":[{"start":{"line":68,"column":13},"end":{"line":74,"column":7}},{"start":{"line":68,"column":13},"end":{"line":74,"column":7}}],"line":68},"10":{"loc":{"start":{"line":100,"column":4},"end":{"line":103,"column":5}},"type":"if","locations":[{"start":{"line":100,"column":4},"end":{"line":103,"column":5}},{"start":{"line":100,"column":4},"end":{"line":103,"column":5}}],"line":100},"11":{"loc":{"start":{"line":100,"column":8},"end":{"line":100,"column":47}},"type":"binary-expr","locations":[{"start":{"line":100,"column":8},"end":{"line":100,"column":20}},{"start":{"line":100,"column":24},"end":{"line":100,"column":47}}],"line":100},"12":{"loc":{"start":{"line":107,"column":23},"end":{"line":107,"column":64}},"type":"cond-expr","locations":[{"start":{"line":107,"column":49},"end":{"line":107,"column":59}},{"start":{"line":107,"column":62},"end":{"line":107,"column":64}}],"line":107},"13":{"loc":{"start":{"line":110,"column":23},"end":{"line":110,"column":64}},"type":"cond-expr","locations":[{"start":{"line":110,"column":49},"end":{"line":110,"column":59}},{"start":{"line":110,"column":62},"end":{"line":110,"column":64}}],"line":110},"14":{"loc":{"start":{"line":116,"column":23},"end":{"line":116,"column":65}},"type":"cond-expr","locations":[{"start":{"line":116,"column":52},"end":{"line":116,"column":60}},{"start":{"line":116,"column":63},"end":{"line":116,"column":65}}],"line":116},"15":{"loc":{"start":{"line":122,"column":21},"end":{"line":122,"column":77}},"type":"cond-expr","locations":[{"start":{"line":122,"column":62},"end":{"line":122,"column":72}},{"start":{"line":122,"column":75},"end":{"line":122,"column":77}}],"line":122},"16":{"loc":{"start":{"line":127,"column":21},"end":{"line":127,"column":77}},"type":"cond-expr","locations":[{"start":{"line":127,"column":62},"end":{"line":127,"column":72}},{"start":{"line":127,"column":75},"end":{"line":127,"column":77}}],"line":127}},"s":{"0":1,"1":2,"2":2,"3":2,"4":2,"5":2,"6":0,"7":0,"8":2,"9":2,"10":2,"11":0,"12":2,"13":2,"14":2,"15":2,"16":2,"17":2,"18":2,"19":2,"20":2,"21":2,"22":0,"23":0,"24":0,"25":0,"26":0,"27":0,"28":0,"29":0,"30":2,"31":2,"32":2,"33":2,"34":2,"35":2,"36":2,"37":2,"38":0,"39":0,"40":0,"41":0,"42":0,"43":0,"44":0,"45":1,"46":1,"47":1},"f":{"0":2,"1":2,"2":0,"3":2,"4":2,"5":2,"6":2,"7":0,"8":0,"9":0,"10":0,"11":0,"12":0},"b":{"0":[2,0],"1":[2,2],"2":[0,0],"3":[0,2],"4":[2,2],"5":[2,0],"6":[2,0],"7":[2,0],"8":[0,0],"9":[0,0],"10":[2,0],"11":[2,2],"12":[0,0],"13":[0,0],"14":[0,0],"15":[0,0],"16":[0,0]},"_coverageSchema":"43e27e138ebf9cfc5966b082cf9a028302ed4184","hash":"1f0d464065155a6658f6f8a4b183eecd6ccbf00b"}
,"/home/blackops/code/podtemacom/src/utils/typography.js": {"path":"/home/blackops/code/podtemacom/src/utils/typography.js","statementMap":{"0":{"start":{"line":4,"column":0},"end":{"line":10,"column":2}},"1":{"start":{"line":5,"column":2},"end":{"line":9,"column":4}},"2":{"start":{"line":12,"column":0},"end":{"line":12,"column":33}},"3":{"start":{"line":14,"column":19},"end":{"line":14,"column":48}},"4":{"start":{"line":17,"column":0},"end":{"line":19,"column":1}},"5":{"start":{"line":18,"column":2},"end":{"line":18,"column":28}},"6":{"start":{"line":22,"column":22},"end":{"line":22,"column":39}},"7":{"start":{"line":23,"column":21},"end":{"line":23,"column":37}}},"fnMap":{"0":{"name":"(anonymous_0)","decl":{"start":{"line":4,"column":36},"end":{"line":4,"column":37}},"loc":{"start":{"line":4,"column":42},"end":{"line":10,"column":1}},"line":4}},"branchMap":{"0":{"loc":{"start":{"line":17,"column":0},"end":{"line":19,"column":1}},"type":"if","locations":[{"start":{"line":17,"column":0},"end":{"line":19,"column":1}},{"start":{"line":17,"column":0},"end":{"line":19,"column":1}}],"line":17}},"s":{"0":2,"1":2,"2":2,"3":2,"4":2,"5":2,"6":2,"7":2},"f":{"0":2},"b":{"0":[2,0]},"_coverageSchema":"43e27e138ebf9cfc5966b082cf9a028302ed4184","hash":"038a247b16c2d345cc7d2db0163040bb146cdea1"}
}
