TN:
SF:/home/blackops/Code/podtemacom/src/components/bio.js
FN:14,(anonymous_0)
FNF:1
FNH:1
FNDA:4,(anonymous_0)
DA:14,2
DA:15,4
DA:35,4
DA:36,4
LF:4
LH:4
BRF:0
BRH:0
end_of_record
TN:
SF:/home/blackops/Code/podtemacom/src/components/pagination.js
FN:11,(anonymous_0)
FN:17,(anonymous_1)
FN:23,(anonymous_2)
FN:29,(anonymous_3)
FN:48,(anonymous_4)
FN:80,(anonymous_5)
FN:95,(anonymous_6)
FN:106,(anonymous_7)
FN:109,(anonymous_8)
FN:111,(anonymous_9)
FN:113,(anonymous_10)
FN:117,(anonymous_11)
FN:120,(anonymous_12)
FNF:13
FNH:6
FNDA:3,(anonymous_0)
FNDA:3,(anonymous_1)
FNDA:0,(anonymous_2)
FNDA:2,(anonymous_3)
FNDA:2,(anonymous_4)
FNDA:2,(anonymous_5)
FNDA:1,(anonymous_6)
FNDA:0,(anonymous_7)
FNDA:0,(anonymous_8)
FNDA:0,(anonymous_9)
FNDA:0,(anonymous_10)
FNDA:0,(anonymous_11)
FNDA:0,(anonymous_12)
DA:5,1
DA:12,3
DA:13,3
DA:14,3
DA:18,3
DA:19,2
DA:24,0
DA:25,0
DA:30,2
DA:31,2
DA:33,2
DA:34,0
DA:37,2
DA:39,2
DA:42,2
DA:45,2
DA:50,2
DA:53,2
DA:56,2
DA:59,2
DA:61,2
DA:62,2
DA:65,0
DA:66,0
DA:67,0
DA:68,0
DA:69,0
DA:70,0
DA:72,0
DA:73,0
DA:77,2
DA:78,2
DA:80,2
DA:82,2
DA:96,1
DA:98,1
DA:100,1
DA:103,0
DA:106,0
DA:109,0
DA:112,0
DA:113,0
DA:117,0
DA:120,0
DA:127,1
DA:134,1
DA:135,1
LF:47
LH:29
BRDA:18,0,0,2
BRDA:18,0,1,1
BRDA:18,1,0,3
BRDA:18,1,1,2
BRDA:24,2,0,0
BRDA:24,2,1,0
BRDA:33,3,0,0
BRDA:33,3,1,2
BRDA:33,4,0,2
BRDA:33,4,1,2
BRDA:50,5,0,2
BRDA:50,5,1,0
BRDA:53,6,0,2
BRDA:53,6,1,0
BRDA:59,7,0,2
BRDA:59,7,1,0
BRDA:65,8,0,0
BRDA:65,8,1,0
BRDA:68,9,0,0
BRDA:68,9,1,0
BRDA:98,10,0,1
BRDA:98,10,1,0
BRDA:98,11,0,1
BRDA:98,11,1,0
BRDA:105,12,0,0
BRDA:105,12,1,0
BRDA:108,13,0,0
BRDA:108,13,1,0
BRDA:112,14,0,0
BRDA:112,14,1,0
BRDA:116,15,0,0
BRDA:116,15,1,0
BRDA:119,16,0,0
BRDA:119,16,1,0
BRF:34
BRH:12
end_of_record
TN:
SF:/home/blackops/Code/podtemacom/src/utils/typography.js
FN:4,(anonymous_0)
FNF:1
FNH:1
FNDA:2,(anonymous_0)
DA:4,2
DA:5,2
DA:12,2
DA:14,2
DA:17,2
DA:18,2
DA:22,2
DA:23,2
LF:8
LH:8
BRDA:17,0,0,2
BRDA:17,0,1,0
BRF:2
BRH:1
end_of_record
